19:42:22 **** Incremental Build of configuration Debug for project lpc_board_nxp_lpcxpresso_1769 ****
make -r all 
make: Nothing to be done for `all'.
19:42:23 **** Incremental Build of configuration Debug for project lpc_chip_175x_6x ****
make -r all 
make: Nothing to be done for `all'.
19:42:24 **** Incremental Build of configuration Debug for project SD_Card ****
make -r all 
Building target: libSD_Card.a
Invoking: MCU Archiver
arm-none-eabi-ar -r  "libSD_Card.a"  ./src/error.o ./src/ff.o ./src/ffsystem.o ./src/ffunicode.o ./src/mmc.o ./src/spi.o   
d:\program_file\MCUXpressoIDE_10.2.1_795\ide\tools\bin\arm-none-eabi-ar.exe: creating libSD_Card.a
Finished building target: libSD_Card.a
 
make --no-print-directory post-build
Performing post-build steps
arm-none-eabi-size "libSD_Card.a" ; # arm-none-eabi-objdump -h -S "libSD_Card.a" >"libSD_Card.lss"
   text	   data	    bss	    dec	    hex	filename
      0	      0	      0	      0	      0	error.o (ex libSD_Card.a)
  11990	      0	      6	  11996	   2edc	ff.o (ex libSD_Card.a)
      0	      0	      0	      0	      0	ffsystem.o (ex libSD_Card.a)
      0	      0	      0	      0	      0	ffunicode.o (ex libSD_Card.a)
    450	      0	      0	    450	    1c2	mmc.o (ex libSD_Card.a)
    814	      0	      1	    815	    32f	spi.o (ex libSD_Card.a)
 
19:42:24 **** Incremental Build of configuration Debug for project SPItest ****
make -r -j16 all 
Building file: ../src/SPItest.c
Building file: ../src/cr_startup_lpc175x_6x.c
Building file: ../src/crp.c
Building file: ../src/sysinit.c
Invoking: MCU C Compiler
arm-none-eabi-gcc -DDEBUG -D__CODE_RED -DCORE_M3 -D__USE_LPCOPEN -DCR_INTEGER_PRINTF -DCR_PRINTF_CHAR -D__LPC17XX__ -D__REDLIB__ -I"C:\Users\Julien\Dropbox\Cegep3Annee\3DPrinterProject\LPC1769_SD\workplace\SPItest\inc" -I"C:\Users\Julien\Dropbox\Cegep3Annee\3DPrinterProject\workPlaceCode\lpc_board_nxp_lpcxpresso_1769\inc" -I"C:\Users\Julien\Dropbox\Cegep3Annee\3DPrinterProject\workPlaceCode\lpc_chip_175x_6x\inc" -I"C:\Users\Julien\Dropbox\Cegep3Annee\3DPrinterProject\LPC1769_SD\workplace\SD_Card\src" -O0 -fno-common -g3 -Wall -c -fmessage-length=0 -fno-builtin -ffunction-sections -fdata-sections -mcpu=cortex-m3 -mthumb -specs=redlib.specs -MMD -MP -MF"src/SPItest.d" -MT"src/SPItest.o" -MT"src/SPItest.d" -o "src/SPItest.o" "../src/SPItest.c"
Invoking: MCU C Compiler
arm-none-eabi-gcc -DDEBUG -D__CODE_RED -DCORE_M3 -D__USE_LPCOPEN -DCR_INTEGER_PRINTF -DCR_PRINTF_CHAR -D__LPC17XX__ -D__REDLIB__ -I"C:\Users\Julien\Dropbox\Cegep3Annee\3DPrinterProject\LPC1769_SD\workplace\SPItest\inc" -I"C:\Users\Julien\Dropbox\Cegep3Annee\3DPrinterProject\workPlaceCode\lpc_board_nxp_lpcxpresso_1769\inc" -I"C:\Users\Julien\Dropbox\Cegep3Annee\3DPrinterProject\workPlaceCode\lpc_chip_175x_6x\inc" -I"C:\Users\Julien\Dropbox\Cegep3Annee\3DPrinterProject\LPC1769_SD\workplace\SD_Card\src" -O0 -fno-common -g3 -Wall -c -fmessage-length=0 -fno-builtin -ffunction-sections -fdata-sections -mcpu=cortex-m3 -mthumb -specs=redlib.specs -MMD -MP -MF"src/cr_startup_lpc175x_6x.d" -MT"src/cr_startup_lpc175x_6x.o" -MT"src/cr_startup_lpc175x_6x.d" -o "src/cr_startup_lpc175x_6x.o" "../src/cr_startup_lpc175x_6x.c"
Invoking: MCU C Compiler
Invoking: MCU C Compiler
arm-none-eabi-gcc -DDEBUG -D__CODE_RED -DCORE_M3 -D__USE_LPCOPEN -DCR_INTEGER_PRINTF -DCR_PRINTF_CHAR -D__LPC17XX__ -D__REDLIB__ -I"C:\Users\Julien\Dropbox\Cegep3Annee\3DPrinterProject\LPC1769_SD\workplace\SPItest\inc" -I"C:\Users\Julien\Dropbox\Cegep3Annee\3DPrinterProject\workPlaceCode\lpc_board_nxp_lpcxpresso_1769\inc" -I"C:\Users\Julien\Dropbox\Cegep3Annee\3DPrinterProject\workPlaceCode\lpc_chip_175x_6x\inc" -I"C:\Users\Julien\Dropbox\Cegep3Annee\3DPrinterProject\LPC1769_SD\workplace\SD_Card\src" -O0 -fno-common -g3 -Wall -c -fmessage-length=0 -fno-builtin -ffunction-sections -fdata-sections -mcpu=cortex-m3 -mthumb -specs=redlib.specs -MMD -MP -MF"src/crp.d" -MT"src/crp.o" -MT"src/crp.d" -o "src/crp.o" "../src/crp.c"
arm-none-eabi-gcc -DDEBUG -D__CODE_RED -DCORE_M3 -D__USE_LPCOPEN -DCR_INTEGER_PRINTF -DCR_PRINTF_CHAR -D__LPC17XX__ -D__REDLIB__ -I"C:\Users\Julien\Dropbox\Cegep3Annee\3DPrinterProject\LPC1769_SD\workplace\SPItest\inc" -I"C:\Users\Julien\Dropbox\Cegep3Annee\3DPrinterProject\workPlaceCode\lpc_board_nxp_lpcxpresso_1769\inc" -I"C:\Users\Julien\Dropbox\Cegep3Annee\3DPrinterProject\workPlaceCode\lpc_chip_175x_6x\inc" -I"C:\Users\Julien\Dropbox\Cegep3Annee\3DPrinterProject\LPC1769_SD\workplace\SD_Card\src" -O0 -fno-common -g3 -Wall -c -fmessage-length=0 -fno-builtin -ffunction-sections -fdata-sections -mcpu=cortex-m3 -mthumb -specs=redlib.specs -MMD -MP -MF"src/sysinit.d" -MT"src/sysinit.o" -MT"src/sysinit.d" -o "src/sysinit.o" "../src/sysinit.c"
Finished building: ../src/crp.c
Finished building: ../src/cr_startup_lpc175x_6x.c
 
 
Finished building: ../src/SPItest.c
 
Finished building: ../src/sysinit.c
 
Building target: SPItest.axf
Invoking: MCU Linker
arm-none-eabi-gcc -nostdlib -L"C:\Users\Julien\Dropbox\Cegep3Annee\3DPrinterProject\LPC1769_SD\workplace\SD_Card\Debug" -L"C:\Users\Julien\Dropbox\Cegep3Annee\3DPrinterProject\workPlaceCode\lpc_board_nxp_lpcxpresso_1769\Debug" -L"C:\Users\Julien\Dropbox\Cegep3Annee\3DPrinterProject\workPlaceCode\lpc_chip_175x_6x\Debug" -Xlinker -Map="SPItest.map" -Xlinker --gc-sections -Xlinker -print-memory-usage -mcpu=cortex-m3 -mthumb -T "SPItest_Debug.ld" -o "SPItest.axf"  ./src/SPItest.o ./src/cr_startup_lpc175x_6x.o ./src/crp.o ./src/sysinit.o   -lSD_Card -llpc_board_nxp_lpcxpresso_1769 -llpc_chip_175x_6x
d:/program_file/mcuxpressoide_10.2.1_795/ide/tools/bin/../lib/gcc/arm-none-eabi/7.2.1/../../../../arm-none-eabi/bin/ld.exe: cannot find -lSD_Card
collect2.exe: error: ld returned 1 exit status
make: *** [SPItest.axf] Error 1
